<?xml version="1.0" encoding="UTF-8"?>
<testsuite name="org.example.TruckTest" tests="2" skipped="0" failures="0" errors="0" timestamp="2024-12-31T03:31:20" hostname="DESKTOP-RMAFBRS" time="0.188">
  <properties/>
  <testcase name="testAvailability()" classname="org.example.TruckTest" time="0.154"/>
  <testcase name="testCalculateRentalCost()" classname="org.example.TruckTest" time="0.023"/>
  <system-out><![CDATA[]]></system-out>
  <system-err><![CDATA[]]></system-err>
</testsuite>
